#
# There is insufficient memory for the Java Runtime Environment to continue.
# Native memory allocation (malloc) failed to allocate 32744 bytes for ChunkPool::allocate
# Possible reasons:
#   The system is out of physical RAM or swap space
#   In 32 bit mode, the process size limit was hit
# Possible solutions:
#   Reduce memory load on the system
#   Increase physical memory or swap space
#   Check if swap backing store is full
#   Use 64 bit Java on a 64 bit OS
#   Decrease Java heap size (-Xmx/-Xms)
#   Decrease number of Java threads
#   Decrease Java thread stack sizes (-Xss)
#   Set larger code cache with -XX:ReservedCodeCacheSize=
# This output file may be truncated or incomplete.
#
#  Out of Memory Error (allocation.cpp:273), pid=8076, tid=0x00000000000026e8
#
# JRE version: OpenJDK Runtime Environment (8.0_152-b06) (build 1.8.0_152-release-1136-b06)
# Java VM: OpenJDK 64-Bit Server VM (25.152-b06 mixed mode windows-amd64 compressed oops)
# Failed to write core dump. Minidumps are not enabled by default on client versions of Windows
#

---------------  T H R E A D  ---------------

Current thread (0x00000000167ae800):  JavaThread "C1 CompilerThread2" daemon [_thread_in_native, id=9960, stack(0x0000000017ff0000,0x00000000180f0000)]

Stack: [0x0000000017ff0000,0x00000000180f0000]
[error occurred during error reporting (printing stack bounds), id 0xc0000005]

Native frames: (J=compiled Java code, j=interpreted, Vv=VM code, C=native code)


Current CompileTask:
C1:  69738 6481   !   3       com.sun.tools.javac.parser.JavaTokenizer::readToken (2243 bytes)


---------------  P R O C E S S  ---------------

Java Threads: ( => current thread )
  0x000000001a3aa000 JavaThread "Cache worker for Java compile cache (E:\HocTap\quytm-study_english-7492255dfa3a\.gradle\4.1\javaCompile)" [_thread_blocked, id=11328, stack(0x0000000022960000,0x0000000022a60000)]
  0x000000001a3a8800 JavaThread "Task worker for ':' Thread 3" [_thread_blocked, id=10192, stack(0x0000000022860000,0x0000000022960000)]
  0x000000001a3a9000 JavaThread "Task worker for ':' Thread 2" [_thread_blocked, id=12412, stack(0x0000000022760000,0x0000000022860000)]
  0x000000001a3a6000 JavaThread "Task worker for ':'" [_thread_in_native, id=12876, stack(0x0000000022660000,0x0000000022760000)]
  0x000000001a3a1000 JavaThread "Cache worker for task history cache (E:\HocTap\quytm-study_english-7492255dfa3a\.gradle\4.1\taskHistory)" [_thread_blocked, id=1196, stack(0x0000000022360000,0x0000000022460000)]
  0x000000001a3a5800 JavaThread "Cache worker for file content cache (E:\HocTap\quytm-study_english-7492255dfa3a\.gradle\4.1\fileContent)" [_thread_blocked, id=12452, stack(0x0000000020850000,0x0000000020950000)]
  0x000000001a39e800 JavaThread "Memory manager" [_thread_blocked, id=3076, stack(0x0000000020150000,0x0000000020250000)]
  0x000000001a3a4800 JavaThread "pool-1-thread-1" [_thread_blocked, id=13020, stack(0x000000001fe50000,0x000000001ff50000)]
  0x0000000018beb000 JavaThread "build operations Thread 4" [_thread_blocked, id=10768, stack(0x000000001f850000,0x000000001f950000)]
  0x0000000018bef800 JavaThread "build operations Thread 3" [_thread_blocked, id=3852, stack(0x000000001f750000,0x000000001f850000)]
  0x0000000018bea000 JavaThread "build operations Thread 2" [_thread_blocked, id=4860, stack(0x000000001f650000,0x000000001f750000)]
  0x0000000018bec800 JavaThread "build operations" [_thread_blocked, id=2240, stack(0x000000001f550000,0x000000001f650000)]
  0x0000000018be9800 JavaThread "Cache worker for Artifact transforms cache (C:\Users\panth\.gradle\caches\transforms-1)" [_thread_blocked, id=11128, stack(0x000000001e180000,0x000000001e280000)]
  0x0000000019bcd000 JavaThread "Cache worker for file hash cache (E:\HocTap\quytm-study_english-7492255dfa3a\.gradle\4.1\fileHashes)" [_thread_blocked, id=7340, stack(0x000000001c4e0000,0x000000001c5e0000)]
  0x00000000199c8800 JavaThread "File lock request listener" [_thread_in_native, id=7720, stack(0x000000001c3e0000,0x000000001c4e0000)]
  0x000000001a177000 JavaThread "Cache worker for file hash cache (C:\Users\panth\.gradle\caches\4.1\fileHashes)" [_thread_blocked, id=6708, stack(0x000000001bf40000,0x000000001c040000)]
  0x0000000019745800 JavaThread "Asynchronous log dispatcher for DefaultDaemonConnection: socket connection from /127.0.0.1:52825 to /127.0.0.1:52826" [_thread_blocked, id=8820, stack(0x000000001bd40000,0x000000001be40000)]
  0x0000000019d55800 JavaThread "Daemon worker" [_thread_blocked, id=7364, stack(0x000000001bc40000,0x000000001bd40000)]
  0x000000001974c000 JavaThread "Cancel handler" [_thread_blocked, id=9848, stack(0x000000001bb40000,0x000000001bc40000)]
  0x0000000019e68800 JavaThread "Handler for socket connection from /127.0.0.1:52825 to /127.0.0.1:52826" [_thread_in_native, id=5504, stack(0x000000001b840000,0x000000001b940000)]
  0x0000000019e68000 JavaThread "Daemon" [_thread_blocked, id=13204, stack(0x000000001b740000,0x000000001b840000)]
  0x0000000019322000 JavaThread "Daemon periodic checks" [_thread_blocked, id=6732, stack(0x000000001b640000,0x000000001b740000)]
  0x000000001931e800 JavaThread "Incoming local TCP Connector on port 52825" [_thread_in_native, id=13120, stack(0x0000000019ec0000,0x0000000019fc0000)]
  0x00000000167de000 JavaThread "Service Thread" daemon [_thread_blocked, id=11860, stack(0x00000000184f0000,0x00000000185f0000)]
=>0x00000000167ae800 JavaThread "C1 CompilerThread2" daemon [_thread_in_native, id=9960, stack(0x0000000017ff0000,0x00000000180f0000)]
  0x0000000016789000 JavaThread "C2 CompilerThread1" daemon [_thread_blocked, id=12400, stack(0x0000000017ef0000,0x0000000017ff0000)]
  0x000000001677e000 JavaThread "C2 CompilerThread0" daemon [_thread_blocked, id=6380, stack(0x0000000017df0000,0x0000000017ef0000)]
  0x000000001677c800 JavaThread "Attach Listener" daemon [_thread_blocked, id=13152, stack(0x0000000017cf0000,0x0000000017df0000)]
  0x0000000016779800 JavaThread "Signal Dispatcher" daemon [_thread_blocked, id=7448, stack(0x0000000017bf0000,0x0000000017cf0000)]
  0x0000000002e0b000 JavaThread "Finalizer" daemon [_thread_blocked, id=3108, stack(0x0000000017a00000,0x0000000017b00000)]
  0x0000000002e00000 JavaThread "Reference Handler" daemon [_thread_blocked, id=12968, stack(0x0000000017900000,0x0000000017a00000)]
  0x0000000002bcd800 JavaThread "main" [_thread_blocked, id=12120, stack(0x0000000002c10000,0x0000000002d10000)]

Other Threads:
  0x0000000016745000 VMThread [stack: 0x0000000017800000,0x0000000017900000] [id=13292]
  0x0000000018112000 WatcherThread [stack: 0x00000000185f0000,0x00000000186f0000] [id=6252]

VM state:not at safepoint (normal execution)

VM Mutex/Monitor currently owned by a thread: None

Heap:
 PSYoungGen      total 80384K, used 43876K [0x00000000e0000000, 0x00000000e6680000, 0x0000000100000000)
  eden space 64512K, 43% used [0x00000000e0000000,0x00000000e1b59ce8,0x00000000e3f00000)
  from space 15872K, 99% used [0x00000000e5100000,0x00000000e607f500,0x00000000e6080000)
  to   space 18432K, 0% used [0x00000000e3f00000,0x00000000e3f00000,0x00000000e5100000)
 ParOldGen       total 73216K, used 16320K [0x00000000a0000000, 0x00000000a4780000, 0x00000000e0000000)
  object space 73216K, 22% used [0x00000000a0000000,0x00000000a0ff0358,0x00000000a4780000)
 Metaspace       used 56509K, capacity 58260K, committed 58584K, reserved 1099776K
  class space    used 7683K, capacity 8103K, committed 8192K, reserved 1048576K

Card table byte_map: [0x00000000121d0000,0x00000000124e0000] byte_map_base: 0x0000000011cd0000

Marking Bits: (ParMarkBitMap*) 0x0000000070ec5aa0
 Begin Bits: [0x0000000012ae0000, 0x00000000142e0000)
 End Bits:   [0x00000000142e0000, 0x0000000015ae0000)

Polling page: 0x0000000000d40000

CodeCache: size=245760Kb used=19175Kb max_used=19203Kb free=226584Kb
 bounds [0x0000000002e10000, 0x0000000004100000, 0x0000000011e10000]
 total_blobs=6535 nmethods=5760 adapters=687
 compilation: enabled

Compilation events (10 events):
Event: 69.671 Thread 0x00000000167ae800 nmethod 6476 0x00000000035408d0 code [0x0000000003540a40, 0x0000000003540ce8]
Event: 69.671 Thread 0x00000000167ae800 6477       3       com.sun.tools.javac.parser.JavacParser::nextToken (23 bytes)
Event: 69.671 Thread 0x00000000167ae800 nmethod 6477 0x0000000003541f90 code [0x0000000003542120, 0x0000000003542448]
Event: 69.672 Thread 0x00000000167ae800 6478       3       java.util.AbstractQueue::<init> (5 bytes)
Event: 69.673 Thread 0x00000000167ae800 nmethod 6478 0x0000000003541b50 code [0x0000000003541cc0, 0x0000000003541ed0]
Event: 69.673 Thread 0x00000000167ae800 6479       1       com.sun.tools.javac.util.List$1::isEmpty (2 bytes)
Event: 69.673 Thread 0x00000000167ae800 nmethod 6479 0x000000000380acd0 code [0x000000000380ae20, 0x000000000380af30]
Event: 69.673 Thread 0x00000000167ae800 6480       1       com.sun.tools.javac.parser.Tokens$NamedToken::name (5 bytes)
Event: 69.673 Thread 0x00000000167ae800 nmethod 6480 0x0000000003540610 code [0x0000000003540760, 0x0000000003540870]
Event: 69.674 Thread 0x00000000167ae800 6481   !   3       com.sun.tools.javac.parser.JavaTokenizer::readToken (2243 bytes)

GC Heap History (10 events):
Event: 44.977 GC heap before
{Heap before GC invocations=14 (full 2):
 PSYoungGen      total 41472K, used 34529K [0x00000000e0000000, 0x00000000e3c00000, 0x0000000100000000)
  eden space 30208K, 100% used [0x00000000e0000000,0x00000000e1d80000,0x00000000e1d80000)
  from space 11264K, 38% used [0x00000000e1d80000,0x00000000e21b8780,0x00000000e2880000)
  to   space 11264K, 0% used [0x00000000e3100000,0x00000000e3100000,0x00000000e3c00000)
 ParOldGen       total 73216K, used 14633K [0x00000000a0000000, 0x00000000a4780000, 0x00000000e0000000)
  object space 73216K, 19% used [0x00000000a0000000,0x00000000a0e4a6c8,0x00000000a4780000)
 Metaspace       used 39346K, capacity 40204K, committed 40408K, reserved 1083392K
  class space    used 5335K, capacity 5627K, committed 5632K, reserved 1048576K
Event: 44.995 GC heap after
Heap after GC invocations=14 (full 2):
 PSYoungGen      total 50176K, used 7654K [0x00000000e0000000, 0x00000000e3d00000, 0x0000000100000000)
  eden space 38912K, 0% used [0x00000000e0000000,0x00000000e0000000,0x00000000e2600000)
  from space 11264K, 67% used [0x00000000e3100000,0x00000000e38799d8,0x00000000e3c00000)
  to   space 11264K, 0% used [0x00000000e2600000,0x00000000e2600000,0x00000000e3100000)
 ParOldGen       total 73216K, used 14641K [0x00000000a0000000, 0x00000000a4780000, 0x00000000e0000000)
  object space 73216K, 19% used [0x00000000a0000000,0x00000000a0e4c6c8,0x00000000a4780000)
 Metaspace       used 39346K, capacity 40204K, committed 40408K, reserved 1083392K
  class space    used 5335K, capacity 5627K, committed 5632K, reserved 1048576K
}
Event: 48.888 GC heap before
{Heap before GC invocations=15 (full 2):
 PSYoungGen      total 50176K, used 46566K [0x00000000e0000000, 0x00000000e3d00000, 0x0000000100000000)
  eden space 38912K, 100% used [0x00000000e0000000,0x00000000e2600000,0x00000000e2600000)
  from space 11264K, 67% used [0x00000000e3100000,0x00000000e38799d8,0x00000000e3c00000)
  to   space 11264K, 0% used [0x00000000e2600000,0x00000000e2600000,0x00000000e3100000)
 ParOldGen       total 73216K, used 14641K [0x00000000a0000000, 0x00000000a4780000, 0x00000000e0000000)
  object space 73216K, 19% used [0x00000000a0000000,0x00000000a0e4c6c8,0x00000000a4780000)
 Metaspace       used 45016K, capacity 45932K, committed 46040K, reserved 1089536K
  class space    used 6079K, capacity 6373K, committed 6400K, reserved 1048576K
Event: 48.917 GC heap after
Heap after GC invocations=15 (full 2):
 PSYoungGen      total 50176K, used 10157K [0x00000000e0000000, 0x00000000e4a00000, 0x0000000100000000)
  eden space 38912K, 0% used [0x00000000e0000000,0x00000000e0000000,0x00000000e2600000)
  from space 11264K, 90% used [0x00000000e2600000,0x00000000e2feb458,0x00000000e3100000)
  to   space 12288K, 0% used [0x00000000e3e00000,0x00000000e3e00000,0x00000000e4a00000)
 ParOldGen       total 73216K, used 14713K [0x00000000a0000000, 0x00000000a4780000, 0x00000000e0000000)
  object space 73216K, 20% used [0x00000000a0000000,0x00000000a0e5e6d8,0x00000000a4780000)
 Metaspace       used 45016K, capacity 45932K, committed 46040K, reserved 1089536K
  class space    used 6079K, capacity 6373K, committed 6400K, reserved 1048576K
}
Event: 51.693 GC heap before
{Heap before GC invocations=16 (full 2):
 PSYoungGen      total 50176K, used 49069K [0x00000000e0000000, 0x00000000e4a00000, 0x0000000100000000)
  eden space 38912K, 100% used [0x00000000e0000000,0x00000000e2600000,0x00000000e2600000)
  from space 11264K, 90% used [0x00000000e2600000,0x00000000e2feb458,0x00000000e3100000)
  to   space 12288K, 0% used [0x00000000e3e00000,0x00000000e3e00000,0x00000000e4a00000)
 ParOldGen       total 73216K, used 14713K [0x00000000a0000000, 0x00000000a4780000, 0x00000000e0000000)
  object space 73216K, 20% used [0x00000000a0000000,0x00000000a0e5e6d8,0x00000000a4780000)
 Metaspace       used 47374K, capacity 48496K, committed 48728K, reserved 1091584K
  class space    used 6390K, capacity 6711K, committed 6784K, reserved 1048576K
Event: 51.726 GC heap after
Heap after GC invocations=16 (full 2):
 PSYoungGen      total 61952K, used 11691K [0x00000000e0000000, 0x00000000e4e00000, 0x0000000100000000)
  eden space 49664K, 0% used [0x00000000e0000000,0x00000000e0000000,0x00000000e3080000)
  from space 12288K, 95% used [0x00000000e3e00000,0x00000000e496ad28,0x00000000e4a00000)
  to   space 13824K, 0% used [0x00000000e3080000,0x00000000e3080000,0x00000000e3e00000)
 ParOldGen       total 73216K, used 14713K [0x00000000a0000000, 0x00000000a4780000, 0x00000000e0000000)
  object space 73216K, 20% used [0x00000000a0000000,0x00000000a0e5e6d8,0x00000000a4780000)
 Metaspace       used 47374K, capacity 48496K, committed 48728K, reserved 1091584K
  class space    used 6390K, capacity 6711K, committed 6784K, reserved 1048576K
}
Event: 55.489 GC heap before
{Heap before GC invocations=17 (full 2):
 PSYoungGen      total 61952K, used 61355K [0x00000000e0000000, 0x00000000e4e00000, 0x0000000100000000)
  eden space 49664K, 100% used [0x00000000e0000000,0x00000000e3080000,0x00000000e3080000)
  from space 12288K, 95% used [0x00000000e3e00000,0x00000000e496ad28,0x00000000e4a00000)
  to   space 13824K, 0% used [0x00000000e3080000,0x00000000e3080000,0x00000000e3e00000)
 ParOldGen       total 73216K, used 14713K [0x00000000a0000000, 0x00000000a4780000, 0x00000000e0000000)
  object space 73216K, 20% used [0x00000000a0000000,0x00000000a0e5e6d8,0x00000000a4780000)
 Metaspace       used 50872K, capacity 52492K, committed 52696K, reserved 1095680K
  class space    used 6953K, capacity 7341K, committed 7424K, reserved 1048576K
Event: 55.532 GC heap after
Heap after GC invocations=17 (full 2):
 PSYoungGen      total 63488K, used 13806K [0x00000000e0000000, 0x00000000e6080000, 0x0000000100000000)
  eden space 49664K, 0% used [0x00000000e0000000,0x00000000e0000000,0x00000000e3080000)
  from space 13824K, 99% used [0x00000000e3080000,0x00000000e3dfbb20,0x00000000e3e00000)
  to   space 15872K, 0% used [0x00000000e5100000,0x00000000e5100000,0x00000000e6080000)
 ParOldGen       total 73216K, used 15580K [0x00000000a0000000, 0x00000000a4780000, 0x00000000e0000000)
  object space 73216K, 21% used [0x00000000a0000000,0x00000000a0f37088,0x00000000a4780000)
 Metaspace       used 50872K, capacity 52492K, committed 52696K, reserved 1095680K
  class space    used 6953K, capacity 7341K, committed 7424K, reserved 1048576K
}
Event: 61.712 GC heap before
{Heap before GC invocations=18 (full 2):
 PSYoungGen      total 63488K, used 63470K [0x00000000e0000000, 0x00000000e6080000, 0x0000000100000000)
  eden space 49664K, 100% used [0x00000000e0000000,0x00000000e3080000,0x00000000e3080000)
  from space 13824K, 99% used [0x00000000e3080000,0x00000000e3dfbb20,0x00000000e3e00000)
  to   space 15872K, 0% used [0x00000000e5100000,0x00000000e5100000,0x00000000e6080000)
 ParOldGen       total 73216K, used 15580K [0x00000000a0000000, 0x00000000a4780000, 0x00000000e0000000)
  object space 73216K, 21% used [0x00000000a0000000,0x00000000a0f37088,0x00000000a4780000)
 Metaspace       used 52659K, capacity 54400K, committed 54744K, reserved 1095680K
  class space    used 7164K, capacity 7583K, committed 7680K, reserved 1048576K
Event: 61.797 GC heap after
Heap after GC invocations=18 (full 2):
 PSYoungGen      total 80384K, used 15869K [0x00000000e0000000, 0x00000000e6680000, 0x0000000100000000)
  eden space 64512K, 0% used [0x00000000e0000000,0x00000000e0000000,0x00000000e3f00000)
  from space 15872K, 99% used [0x00000000e5100000,0x00000000e607f500,0x00000000e6080000)
  to   space 18432K, 0% used [0x00000000e3f00000,0x00000000e3f00000,0x00000000e5100000)
 ParOldGen       total 73216K, used 16320K [0x00000000a0000000, 0x00000000a4780000, 0x00000000e0000000)
  object space 73216K, 22% used [0x00000000a0000000,0x00000000a0ff0358,0x00000000a4780000)
 Metaspace       used 52659K, capacity 54400K, committed 54744K, reserved 1095680K
  class space    used 7164K, capacity 7583K, committed 7680K, reserved 1048576K
}

Deoptimization events (10 events):
Event: 64.455 Thread 0x000000001a3a6000 Uncommon trap: reason=unstable_if action=reinterpret pc=0x0000000003faaad0 method=java.lang.ClassLoader.checkCerts(Ljava/lang/String;Ljava/security/CodeSource;)V @ 45
Event: 64.455 Thread 0x000000001a3a6000 Uncommon trap: reason=class_check action=maybe_recompile pc=0x00000000033e84e8 method=java.lang.ClassLoader.checkPackageAccess(Ljava/lang/Class;Ljava/security/ProtectionDomain;)V @ 115
Event: 64.455 Thread 0x000000001a3a6000 Uncommon trap: reason=class_check action=maybe_recompile pc=0x00000000033e84e8 method=java.lang.ClassLoader.checkPackageAccess(Ljava/lang/Class;Ljava/security/ProtectionDomain;)V @ 115
Event: 64.456 Thread 0x000000001a3a6000 Uncommon trap: reason=class_check action=maybe_recompile pc=0x00000000033e84e8 method=java.lang.ClassLoader.checkPackageAccess(Ljava/lang/Class;Ljava/security/ProtectionDomain;)V @ 115
Event: 64.456 Thread 0x000000001a3a6000 Uncommon trap: reason=class_check action=maybe_recompile pc=0x00000000033e84e8 method=java.lang.ClassLoader.checkPackageAccess(Ljava/lang/Class;Ljava/security/ProtectionDomain;)V @ 115
Event: 65.420 Thread 0x000000001a3a6000 Uncommon trap: reason=class_check action=maybe_recompile pc=0x0000000003c7da14 method=java.util.regex.Matcher.search(I)Z @ 86
Event: 65.555 Thread 0x000000001a3a6000 Uncommon trap: reason=class_check action=maybe_recompile pc=0x0000000003c7da14 method=java.util.regex.Matcher.search(I)Z @ 86
Event: 65.581 Thread 0x000000001a3a6000 Uncommon trap: reason=class_check action=maybe_recompile pc=0x0000000003bef600 method=java.util.regex.Matcher.search(I)Z @ 86
Event: 65.581 Thread 0x000000001a3a6000 Uncommon trap: reason=class_check action=maybe_recompile pc=0x0000000003bbbfd0 method=java.util.regex.Matcher.search(I)Z @ 86
Event: 69.495 Thread 0x000000001a3a6000 Uncommon trap: reason=unstable_if action=reinterpret pc=0x0000000003a0d314 method=java.lang.StringCoding$StringDecoder.decode([BII)[C @ 20

Classes redefined (0 events):
No events

Internal exceptions (10 events):
Event: 54.813 Thread 0x0000000019d55800 Exception <a 'java/lang/ClassNotFoundException': org/gradle/model/internal/core/NodeBackedModelMapCustomizer> (0x00000000e283daa8) thrown at [D:\src\AOSP-openjdk-cygwin\jdk8u\hotspot\src\share\vm\classfile\systemDictionary.cpp, line 210]
Event: 54.825 Thread 0x0000000019d55800 Exception <a 'java/lang/ClassNotFoundException': org/gradle/platform/base/BinaryContainer_ImplCustomizer> (0x00000000e289de98) thrown at [D:\src\AOSP-openjdk-cygwin\jdk8u\hotspot\src\share\vm\classfile\systemDictionary.cpp, line 210]
Event: 55.482 Thread 0x000000001a3a9000 Exception <a 'java/lang/NoSuchMethodError': <clinit>> (0x00000000e303ecf8) thrown at [D:\src\AOSP-openjdk-cygwin\jdk8u\hotspot\src\share\vm\prims\jni.cpp, line 1613]
Event: 55.484 Thread 0x000000001a3a9000 Exception <a 'java/lang/NoSuchMethodError': <clinit>> (0x00000000e3049f78) thrown at [D:\src\AOSP-openjdk-cygwin\jdk8u\hotspot\src\share\vm\prims\jni.cpp, line 1613]
Event: 55.907 Thread 0x000000001a3a9000 Exception <a 'java/lang/NoSuchMethodError': <clinit>> (0x00000000e01638d8) thrown at [D:\src\AOSP-openjdk-cygwin\jdk8u\hotspot\src\share\vm\prims\jni.cpp, line 1613]
Event: 55.908 Thread 0x000000001a3a9000 Exception <a 'java/lang/NoSuchMethodError': <clinit>> (0x00000000e01766e0) thrown at [D:\src\AOSP-openjdk-cygwin\jdk8u\hotspot\src\share\vm\prims\jni.cpp, line 1613]
Event: 55.908 Thread 0x000000001a3a9000 Exception <a 'java/lang/NoSuchMethodError': <clinit>> (0x00000000e0177f90) thrown at [D:\src\AOSP-openjdk-cygwin\jdk8u\hotspot\src\share\vm\prims\jni.cpp, line 1613]
Event: 56.318 Thread 0x000000001a3a9000 Implicit null exception at 0x00000000033b8462 to 0x00000000033b89a1
Event: 60.654 Thread 0x000000001a3a6000 Exception <a 'java/lang/NoSuchMethodError': <clinit>> (0x00000000e2ab4398) thrown at [D:\src\AOSP-openjdk-cygwin\jdk8u\hotspot\src\share\vm\prims\jni.cpp, line 1613]
Event: 60.655 Thread 0x000000001a3a6000 Exception <a 'java/lang/NoSuchMethodError': <clinit>> (0x00000000e2abda38) thrown at [D:\src\AOSP-openjdk-cygwin\jdk8u\hotspot\src\share\vm\prims\jni.cpp, line 1613]

Events (10 events):
Event: 69.673 loading class com/sun/tools/javac/code/BoundKind
Event: 69.673 loading class com/sun/tools/javac/code/BoundKind done
Event: 69.678 loading class com/sun/tools/javac/util/Position
Event: 69.678 loading class com/sun/tools/javac/util/Position done
Event: 69.679 loading class com/sun/tools/javac/util/Position$LineMapImpl
Event: 69.679 loading class com/sun/tools/javac/util/Position$LineMapImpl done
Event: 69.679 loading class com/sun/tools/javac/util/Position$LineMap
Event: 69.679 loading class com/sun/tools/javac/util/Position$LineMap done
Event: 69.679 loading class com/sun/tools/javac/util/Position$LineTabMapImpl
Event: 69.679 loading class com/sun/tools/javac/util/Position$LineTabMapImpl done


Dynamic libraries:
0x00007ff6ff060000 - 0x00007ff6ff091000 	D:\Setup_Android\jre\bin\java.exe
0x00007ffc2dbe0000 - 0x00007ffc2ddc1000 	C:\WINDOWS\SYSTEM32\ntdll.dll
0x00007ffc2d680000 - 0x00007ffc2d732000 	C:\WINDOWS\System32\KERNEL32.DLL
0x00007ffc2ad40000 - 0x00007ffc2afb3000 	C:\WINDOWS\System32\KERNELBASE.dll
0x00007ffc2d5d0000 - 0x00007ffc2d671000 	C:\WINDOWS\System32\ADVAPI32.dll
0x00007ffc2d530000 - 0x00007ffc2d5ce000 	C:\WINDOWS\System32\msvcrt.dll
0x00007ffc2d320000 - 0x00007ffc2d37b000 	C:\WINDOWS\System32\sechost.dll
0x00007ffc2d750000 - 0x00007ffc2d874000 	C:\WINDOWS\System32\RPCRT4.dll
0x00007ffc2ba90000 - 0x00007ffc2bc20000 	C:\WINDOWS\System32\USER32.dll
0x00007ffc2a320000 - 0x00007ffc2a340000 	C:\WINDOWS\System32\win32u.dll
0x00007ffc2b490000 - 0x00007ffc2b4b8000 	C:\WINDOWS\System32\GDI32.dll
0x00007ffc2a030000 - 0x00007ffc2a1c2000 	C:\WINDOWS\System32\gdi32full.dll
0x00007ffc2a220000 - 0x00007ffc2a2bf000 	C:\WINDOWS\System32\msvcp_win.dll
0x00007ffc2ac40000 - 0x00007ffc2ad3a000 	C:\WINDOWS\System32\ucrtbase.dll
0x00007ffc0dee0000 - 0x00007ffc0e149000 	C:\WINDOWS\WinSxS\amd64_microsoft.windows.common-controls_6595b64144ccf1df_6.0.17134.523_none_fb409dd930672a56\COMCTL32.dll
0x00007ffc2d880000 - 0x00007ffc2dba2000 	C:\WINDOWS\System32\combase.dll
0x00007ffc29fb0000 - 0x00007ffc2a02a000 	C:\WINDOWS\System32\bcryptPrimitives.dll
0x00007ffc2d380000 - 0x00007ffc2d3ad000 	C:\WINDOWS\System32\IMM32.DLL
0x000000006e800000 - 0x000000006e8d2000 	D:\Setup_Android\jre\jre\bin\msvcr100.dll
0x0000000070700000 - 0x0000000070f41000 	D:\Setup_Android\jre\jre\bin\server\jvm.dll
0x00007ffc2b120000 - 0x00007ffc2b128000 	C:\WINDOWS\System32\PSAPI.DLL
0x00007ffc1f5e0000 - 0x00007ffc1f5e9000 	C:\WINDOWS\SYSTEM32\WSOCK32.dll
0x00007ffc23470000 - 0x00007ffc23493000 	C:\WINDOWS\SYSTEM32\WINMM.dll
0x00007ffc2bc80000 - 0x00007ffc2bcec000 	C:\WINDOWS\System32\WS2_32.dll
0x00007ffc1e4d0000 - 0x00007ffc1e4da000 	C:\WINDOWS\SYSTEM32\VERSION.dll
0x00007ffc23440000 - 0x00007ffc2346a000 	C:\WINDOWS\SYSTEM32\WINMMBASE.dll
0x00007ffc2a1d0000 - 0x00007ffc2a219000 	C:\WINDOWS\System32\cfgmgr32.dll
0x00007ffc1d160000 - 0x00007ffc1d16f000 	D:\Setup_Android\jre\jre\bin\verify.dll
0x00007ffc0a970000 - 0x00007ffc0a999000 	D:\Setup_Android\jre\jre\bin\java.dll
0x00007ffc1d010000 - 0x00007ffc1d026000 	D:\Setup_Android\jre\jre\bin\zip.dll
0x00007ffc2bde0000 - 0x00007ffc2d220000 	C:\WINDOWS\System32\SHELL32.dll
0x00007ffc2b070000 - 0x00007ffc2b119000 	C:\WINDOWS\System32\shcore.dll
0x00007ffc2a340000 - 0x00007ffc2aa4d000 	C:\WINDOWS\System32\windows.storage.dll
0x00007ffc2bc20000 - 0x00007ffc2bc71000 	C:\WINDOWS\System32\shlwapi.dll
0x00007ffc29f00000 - 0x00007ffc29f11000 	C:\WINDOWS\System32\kernel.appcore.dll
0x00007ffc29f90000 - 0x00007ffc29faf000 	C:\WINDOWS\System32\profapi.dll
0x00007ffc29f40000 - 0x00007ffc29f8c000 	C:\WINDOWS\System32\powrprof.dll
0x00007ffc29ef0000 - 0x00007ffc29efa000 	C:\WINDOWS\System32\FLTLIB.DLL
0x00007ffc14dc0000 - 0x00007ffc14dda000 	D:\Setup_Android\jre\jre\bin\net.dll
0x00007ffc29770000 - 0x00007ffc297d6000 	C:\WINDOWS\system32\mswsock.dll
0x00007ffc100f0000 - 0x00007ffc10101000 	D:\Setup_Android\jre\jre\bin\nio.dll
0x00007ffc0d6e0000 - 0x00007ffc0d6fe000 	C:\Users\panth\.gradle\native\25\windows-amd64\native-platform.dll
0x00007ffc1c480000 - 0x00007ffc1c48d000 	D:\Setup_Android\jre\jre\bin\management.dll
0x00007ffc29930000 - 0x00007ffc29947000 	C:\WINDOWS\SYSTEM32\CRYPTSP.dll
0x00007ffc29350000 - 0x00007ffc29383000 	C:\WINDOWS\system32\rsaenh.dll
0x00007ffc29a50000 - 0x00007ffc29a75000 	C:\WINDOWS\SYSTEM32\bcrypt.dll
0x00007ffc29e20000 - 0x00007ffc29e48000 	C:\WINDOWS\SYSTEM32\USERENV.dll
0x00007ffc29920000 - 0x00007ffc2992b000 	C:\WINDOWS\SYSTEM32\CRYPTBASE.dll
0x00007ffc294f0000 - 0x00007ffc29528000 	C:\WINDOWS\SYSTEM32\IPHLPAPI.DLL
0x00007ffc2d740000 - 0x00007ffc2d748000 	C:\WINDOWS\System32\NSI.dll
0x00007ffc22440000 - 0x00007ffc22456000 	C:\WINDOWS\SYSTEM32\dhcpcsvc6.DLL
0x00007ffc22420000 - 0x00007ffc2243a000 	C:\WINDOWS\SYSTEM32\dhcpcsvc.DLL

VM Arguments:
jvm_args: -Xmx1536m -Dfile.encoding=windows-1252 -Duser.country=US -Duser.language=en -Duser.variant 
java_command: org.gradle.launcher.daemon.bootstrap.GradleDaemon 4.1
java_class_path (initial): C:\Users\panth\.gradle\wrapper\dists\gradle-4.1-all\bzyivzo6n839fup2jbap0tjew\gradle-4.1\lib\gradle-launcher-4.1.jar
Launcher Type: SUN_STANDARD

Environment Variables:
PATH=C:\Program Files (x86)\Common Files\Oracle\Java\javapath;C:\WINDOWS\system32;C:\WINDOWS;C:\WINDOWS\System32\Wbem;C:\WINDOWS\System32\WindowsPowerShell\v1.0\;C:\WINDOWS\System32\OpenSSH\;C:\Program Files\Microsoft SQL Server\120\Tools\Binn\;C:\Program Files\Microsoft SQL Server\Client SDK\ODBC\110\Tools\Binn\;C:\Program Files (x86)\Microsoft SQL Server\120\Tools\Binn\;C:\Program Files\Microsoft SQL Server\120\DTS\Binn\;C:\Program Files (x86)\Microsoft SQL Server\120\Tools\Binn\ManagementStudio\;C:\Program Files (x86)\Microsoft SQL Server\120\DTS\Binn\;C:\Program Files\Git\cmd;C:\Program Files\Microsoft SQL Server\110\Tools\Binn\;C:\Program Files (x86)\Windows Kits\8.1\Windows Performance Toolkit\;C:\Users\panth\AppData\Local\Microsoft\WindowsApps;
USERNAME=panth
OS=Windows_NT
PROCESSOR_IDENTIFIER=Intel64 Family 6 Model 69 Stepping 1, GenuineIntel



---------------  S Y S T E M  ---------------

OS: Windows 10.0 , 64 bit Build 17134 (10.0.17134.1)

CPU:total 4 (initial active 4) (2 cores per cpu, 2 threads per core) family 6 model 69 stepping 1, cmov, cx8, fxsr, mmx, sse, sse2, sse3, ssse3, sse4.1, sse4.2, popcnt, avx, avx2, aes, clmul, erms, lzcnt, ht, tsc, tscinvbit, bmi1, bmi2

Memory: 4k page, physical 8274284k(1190216k free), swap 8274284k(3108k free)

vm_info: OpenJDK 64-Bit Server VM (25.152-b06) for windows-amd64 JRE (1.8.0_152-release-1136-b06), built by "builder" with MS VC++ 10.0 (VS2010)

time: Fri Jan 11 00:49:58 2019
elapsed time: 69 seconds (0d 0h 1m 9s)

